<?xml version="1.0" encoding="UTF-8"?>
<!-- Generated by org.testng.reporters.JUnitReportReporter -->
<testsuite skipped="0" hostname="LHTU05CD13281TW" name="com.homework.testRunner.TestRunner" tests="1" failures="0" timestamp="10 Mar 2022 22:13:03 GMT" time="15.485" errors="0">
  <testcase name="runScenario" time="15.485" classname="com.homework.testRunner.TestRunner"/>
</testsuite> <!-- com.homework.testRunner.TestRunner -->
