<?xml version="1.0" encoding="UTF-8"?>
<!-- Generated by org.testng.reporters.JUnitReportReporter -->
<testsuite hostname="DESKTOP-HM5G61C" failures="0" tests="1" name="com.homework.utils.TestClass" time="0.058" errors="0" timestamp="29 Mar 2021 00:56:32 GMT" skipped="0">
  <testcase classname="com.homework.utils.TestClass" name="test" time="0.058"/>
</testsuite> <!-- com.homework.utils.TestClass -->
