<?xml version="1.0" encoding="UTF-8"?>
<!-- Generated by org.testng.reporters.JUnitReportReporter -->
<testsuite hostname="DESKTOP-HM5G61C" failures="0" tests="1" name="com.nextgen.testRunner.TestRunner" time="6.622" errors="0" timestamp="26 Mar 2021 11:03:36 GMT" skipped="0">
  <testcase classname="com.nextgen.testRunner.TestRunner" name="runScenario" time="6.622"/>
</testsuite> <!-- com.nextgen.testRunner.TestRunner -->
