<?xml version="1.0" encoding="UTF-8"?>
<!-- Generated by org.testng.reporters.JUnitReportReporter -->
<testsuite hostname="DESKTOP-HM5G61C" failures="0" tests="13" name="com.homework.testRunner.TestRunner" time="25.528" errors="0" timestamp="29 Mar 2021 13:19:34 GMT" skipped="0">
  <testcase classname="com.homework.testRunner.TestRunner" name="runScenario" time="0.738"/>
  <testcase classname="com.homework.testRunner.TestRunner" name="runScenario" time="4.882"/>
  <testcase classname="com.homework.testRunner.TestRunner" name="runScenario" time="0.760"/>
  <testcase classname="com.homework.testRunner.TestRunner" name="runScenario" time="2.448"/>
  <testcase classname="com.homework.testRunner.TestRunner" name="runScenario" time="3.681"/>
  <testcase classname="com.homework.testRunner.TestRunner" name="runScenario" time="1.305"/>
  <testcase classname="com.homework.testRunner.TestRunner" name="runScenario" time="0.682"/>
  <testcase classname="com.homework.testRunner.TestRunner" name="runScenario" time="0.701"/>
  <testcase classname="com.homework.testRunner.TestRunner" name="runScenario" time="0.902"/>
  <testcase classname="com.homework.testRunner.TestRunner" name="runScenario" time="0.601"/>
  <testcase classname="com.homework.testRunner.TestRunner" name="runScenario" time="0.745"/>
  <testcase classname="com.homework.testRunner.TestRunner" name="runScenario" time="0.843"/>
  <testcase classname="com.homework.testRunner.TestRunner" name="runScenario" time="7.240"/>
</testsuite> <!-- com.homework.testRunner.TestRunner -->
